<?xml version="1.0" encoding="UTF-8"?>
<!-- Generated by org.testng.reporters.JUnitReportReporter -->
<testsuite skipped="0" hostname="Hema-PC" name="restAssured.RestAssuredTest2" tests="3" failures="0" timestamp="22 May 2018 01:12:24 GMT" time="0.028" errors="0">
  <testcase name="restTest1" time="0.003" classname="restAssured.RestAssuredTest2"/>
  <testcase name="restTest" time="0.022" classname="restAssured.RestAssuredTest2"/>
  <testcase name="restTest2" time="0.003" classname="restAssured.RestAssuredTest2"/>
</testsuite> <!-- restAssured.RestAssuredTest2 -->
